Release 14.7 - xst P.20131013 (nt64)
Copyright (c) 1995-2013 Xilinx, Inc.  All rights reserved.
--> Parameter TMPDIR set to xst/projnav.tmp


Total REAL time to Xst completion: 0.00 secs
Total CPU time to Xst completion: 0.14 secs
 
--> Parameter xsthdpdir set to xst


Total REAL time to Xst completion: 0.00 secs
Total CPU time to Xst completion: 0.14 secs
 
--> Reading design: mws5966.prj

TABLE OF CONTENTS
  1) Synthesis Options Summary
  2) HDL Parsing
  3) HDL Elaboration
  4) HDL Synthesis
       4.1) HDL Synthesis Report
  5) Advanced HDL Synthesis
       5.1) Advanced HDL Synthesis Report
  6) Low Level Synthesis
  7) Partition Report
  8) Design Summary
       8.1) Primitive and Black Box Usage
       8.2) Device utilization summary
       8.3) Partition Resource Summary
       8.4) Timing Report
            8.4.1) Clock Information
            8.4.2) Asynchronous Control Signals Information
            8.4.3) Timing Summary
            8.4.4) Timing Details
            8.4.5) Cross Clock Domains Report


=========================================================================
*                      Synthesis Options Summary                        *
=========================================================================
---- Source Parameters
Input File Name                    : "mws5966.prj"
Ignore Synthesis Constraint File   : NO

---- Target Parameters
Output File Name                   : "mws5966"
Output Format                      : NGC
Target Device                      : xc7a100t-1-csg324

---- Source Options
Top Module Name                    : mws5966
Automatic FSM Extraction           : YES
FSM Encoding Algorithm             : Auto
Safe Implementation                : No
FSM Style                          : LUT
RAM Extraction                     : Yes
RAM Style                          : Auto
ROM Extraction                     : Yes
Shift Register Extraction          : YES
ROM Style                          : Auto
Resource Sharing                   : YES
Asynchronous To Synchronous        : NO
Shift Register Minimum Size        : 2
Use DSP Block                      : Auto
Automatic Register Balancing       : No

---- Target Options
LUT Combining                      : Auto
Reduce Control Sets                : Auto
Add IO Buffers                     : YES
Global Maximum Fanout              : 100000
Add Generic Clock Buffer(BUFG)     : 32
Register Duplication               : YES
Optimize Instantiated Primitives   : NO
Use Clock Enable                   : Auto
Use Synchronous Set                : Auto
Use Synchronous Reset              : Auto
Pack IO Registers into IOBs        : Auto
Equivalent register Removal        : YES

---- General Options
Optimization Goal                  : Speed
Optimization Effort                : 1
Power Reduction                    : NO
Keep Hierarchy                     : No
Netlist Hierarchy                  : As_Optimized
RTL Output                         : Yes
Global Optimization                : AllClockNets
Read Cores                         : YES
Write Timing Constraints           : NO
Cross Clock Analysis               : NO
Hierarchy Separator                : /
Bus Delimiter                      : <>
Case Specifier                     : Maintain
Slice Utilization Ratio            : 100
BRAM Utilization Ratio             : 100
DSP48 Utilization Ratio            : 100
Auto BRAM Packing                  : NO
Slice Utilization Ratio Delta      : 5

=========================================================================


=========================================================================
*                          HDL Parsing                                  *
=========================================================================
Parsing VHDL file "C:\Users\Michael\Desktop\CMPENG 371\Lab09\Lab09exp1\mws5966_Library\mws5966_Components.vhd" into library mws5966_Library
Parsing package <mws5966_Components>.
Parsing package body <mws5966_Components>.
Parsing VHDL file "C:\Users\Michael\Desktop\CMPENG 371\Lab09\Lab09exp1\mws5966_Library\D_flip_flop.vhd" into library mws5966_Library
Parsing entity <D_flip_flop>.
Parsing architecture <Behavioral> of entity <d_flip_flop>.
Parsing VHDL file "C:\Users\Michael\Desktop\CMPENG 371\Lab09\Lab09exp1\mws5966_Library\Counter_nbit.vhd" into library mws5966_Library
Parsing entity <Counter_nbit>.
Parsing architecture <Behavioral> of entity <counter_nbit>.
Parsing VHDL file "C:\Users\Michael\Desktop\CMPENG 371\Lab09\Lab09exp1\mws5966_Library\CompareLES.vhd" into library mws5966_Library
Parsing entity <CompareLES>.
Parsing architecture <Behavioral> of entity <compareles>.
Parsing VHDL file "C:\Users\Michael\Desktop\CMPENG 371\Lab09\Lab09exp1\mws5966_Library\CompareEQU.vhd" into library mws5966_Library
Parsing entity <CompareEQU>.
Parsing architecture <Behavioral> of entity <compareequ>.
Parsing VHDL file "C:\Users\Michael\Desktop\CMPENG 371\Lab09\Lab09exp1\mws5966_Library\PWM_control.vhd" into library mws5966_Library
Parsing entity <PWM_control>.
Parsing architecture <Behavioral> of entity <pwm_control>.
Parsing VHDL file "C:\Users\Michael\Desktop\CMPENG 371\Lab09\Lab09exp1\mws5966.vhd" into library work
Parsing entity <mws5966>.
Parsing architecture <Behavioral> of entity <mws5966>.

=========================================================================
*                            HDL Elaboration                            *
=========================================================================

Elaborating entity <mws5966> (architecture <Behavioral>) from library <work>.

Elaborating entity <PWM_control> (architecture <Behavioral>) with generics from library <mws5966_library>.

Elaborating entity <Counter_nbit> (architecture <Behavioral>) with generics from library <mws5966_library>.

Elaborating entity <CompareEQU> (architecture <Behavioral>) with generics from library <mws5966_library>.

Elaborating entity <CompareLES> (architecture <Behavioral>) with generics from library <mws5966_library>.

Elaborating entity <D_flip_flop> (architecture <Behavioral>) from library <mws5966_library>.

=========================================================================
*                           HDL Synthesis                               *
=========================================================================

Synthesizing Unit <mws5966>.
    Related source file is "C:\Users\Michael\Desktop\CMPENG 371\Lab09\Lab09exp1\mws5966.vhd".
    Summary:
	no macro.
Unit <mws5966> synthesized.

Synthesizing Unit <PWM_control>.
    Related source file is "C:\Users\Michael\Desktop\CMPENG 371\Lab09\Lab09exp1\mws5966_Library\PWM_control.vhd".
        n = 8
    Summary:
	no macro.
Unit <PWM_control> synthesized.

Synthesizing Unit <Counter_nbit>.
    Related source file is "C:\Users\Michael\Desktop\CMPENG 371\Lab09\Lab09exp1\mws5966_Library\Counter_nbit.vhd".
        n = 8
    Found 8-bit register for signal <count>.
    Found 8-bit adder for signal <count[7]_count[7]_mux_1_OUT> created at line 1241.
    Summary:
	inferred   1 Adder/Subtractor(s).
	inferred   8 D-type flip-flop(s).
Unit <Counter_nbit> synthesized.

Synthesizing Unit <CompareEQU>.
    Related source file is "C:\Users\Michael\Desktop\CMPENG 371\Lab09\Lab09exp1\mws5966_Library\CompareEQU.vhd".
        N = 8
    Found 8-bit comparator equal for signal <EQU> created at line 30
    Summary:
	inferred   1 Comparator(s).
Unit <CompareEQU> synthesized.

Synthesizing Unit <CompareLES>.
    Related source file is "C:\Users\Michael\Desktop\CMPENG 371\Lab09\Lab09exp1\mws5966_Library\CompareLES.vhd".
        N = 8
    Found 8-bit comparator greater for signal <LES> created at line 27
    Summary:
	inferred   1 Comparator(s).
Unit <CompareLES> synthesized.

Synthesizing Unit <D_flip_flop>.
    Related source file is "C:\Users\Michael\Desktop\CMPENG 371\Lab09\Lab09exp1\mws5966_Library\D_flip_flop.vhd".
    Found 1-bit register for signal <Q>.
    Summary:
	inferred   1 D-type flip-flop(s).
Unit <D_flip_flop> synthesized.

=========================================================================
HDL Synthesis Report

Macro Statistics
# Adders/Subtractors                                   : 3
 8-bit adder                                           : 3
# Registers                                            : 6
 1-bit register                                        : 3
 8-bit register                                        : 3
# Comparators                                          : 6
 8-bit comparator equal                                : 3
 8-bit comparator greater                              : 3

=========================================================================

=========================================================================
*                       Advanced HDL Synthesis                          *
=========================================================================


Synthesizing (advanced) Unit <Counter_nbit>.
The following registers are absorbed into counter <count>: 1 register on signal <count>.
Unit <Counter_nbit> synthesized (advanced).

=========================================================================
Advanced HDL Synthesis Report

Macro Statistics
# Counters                                             : 3
 8-bit up counter                                      : 3
# Registers                                            : 3
 Flip-Flops                                            : 3
# Comparators                                          : 6
 8-bit comparator equal                                : 3
 8-bit comparator greater                              : 3

=========================================================================

=========================================================================
*                         Low Level Synthesis                           *
=========================================================================

Optimizing unit <mws5966> ...
INFO:Xst:2261 - The FF/Latch <PWM2/count/count_0> in Unit <mws5966> is equivalent to the following 2 FFs/Latches, which will be removed : <PWM1/count/count_0> <PWM0/count/count_0> 
INFO:Xst:2261 - The FF/Latch <PWM2/count/count_1> in Unit <mws5966> is equivalent to the following 2 FFs/Latches, which will be removed : <PWM1/count/count_1> <PWM0/count/count_1> 
INFO:Xst:2261 - The FF/Latch <PWM2/count/count_2> in Unit <mws5966> is equivalent to the following 2 FFs/Latches, which will be removed : <PWM1/count/count_2> <PWM0/count/count_2> 
INFO:Xst:2261 - The FF/Latch <PWM2/count/count_3> in Unit <mws5966> is equivalent to the following 2 FFs/Latches, which will be removed : <PWM1/count/count_3> <PWM0/count/count_3> 
INFO:Xst:2261 - The FF/Latch <PWM2/count/count_4> in Unit <mws5966> is equivalent to the following 2 FFs/Latches, which will be removed : <PWM1/count/count_4> <PWM0/count/count_4> 
INFO:Xst:2261 - The FF/Latch <PWM2/count/count_5> in Unit <mws5966> is equivalent to the following 2 FFs/Latches, which will be removed : <PWM1/count/count_5> <PWM0/count/count_5> 
INFO:Xst:2261 - The FF/Latch <PWM2/count/count_6> in Unit <mws5966> is equivalent to the following 2 FFs/Latches, which will be removed : <PWM1/count/count_6> <PWM0/count/count_6> 
INFO:Xst:2261 - The FF/Latch <PWM2/count/count_7> in Unit <mws5966> is equivalent to the following 2 FFs/Latches, which will be removed : <PWM1/count/count_7> <PWM0/count/count_7> 

Mapping all equations...
Building and optimizing final netlist ...
Found area constraint ratio of 100 (+ 5) on block mws5966, actual ratio is 0.

Final Macro Processing ...

=========================================================================
Final Register Report

Macro Statistics
# Registers                                            : 11
 Flip-Flops                                            : 11

=========================================================================

=========================================================================
*                           Partition Report                            *
=========================================================================

Partition Implementation Status
-------------------------------

  No Partitions were found in this design.

-------------------------------

=========================================================================
*                            Design Summary                             *
=========================================================================

Top Level Output File Name         : mws5966.ngc

Primitive and Black Box Usage:
------------------------------
# BELS                             : 35
#      GND                         : 1
#      INV                         : 1
#      LUT1                        : 7
#      LUT2                        : 2
#      LUT3                        : 1
#      LUT6                        : 7
#      MUXCY                       : 7
#      VCC                         : 1
#      XORCY                       : 8
# FlipFlops/Latches                : 11
#      FD                          : 4
#      FDR                         : 7
# Clock Buffers                    : 1
#      BUFGP                       : 1
# IO Buffers                       : 15
#      IBUF                        : 12
#      OBUF                        : 3

Device utilization summary:
---------------------------

Selected Device : 7a100tcsg324-1 


Slice Logic Utilization: 
 Number of Slice Registers:              11  out of  126800     0%  
 Number of Slice LUTs:                   18  out of  63400     0%  
    Number used as Logic:                18  out of  63400     0%  

Slice Logic Distribution: 
 Number of LUT Flip Flop pairs used:     18
   Number with an unused Flip Flop:       7  out of     18    38%  
   Number with an unused LUT:             0  out of     18     0%  
   Number of fully used LUT-FF pairs:    11  out of     18    61%  
   Number of unique control sets:         2

IO Utilization: 
 Number of IOs:                          16
 Number of bonded IOBs:                  16  out of    210     7%  

Specific Feature Utilization:
 Number of BUFG/BUFGCTRLs:                1  out of     32     3%  

---------------------------
Partition Resource Summary:
---------------------------

  No Partitions were found in this design.

---------------------------


=========================================================================
Timing Report

NOTE: THESE TIMING NUMBERS ARE ONLY A SYNTHESIS ESTIMATE.
      FOR ACCURATE TIMING INFORMATION PLEASE REFER TO THE TRACE REPORT
      GENERATED AFTER PLACE-and-ROUTE.

Clock Information:
------------------
-----------------------------------+------------------------+-------+
Clock Signal                       | Clock buffer(FF name)  | Load  |
-----------------------------------+------------------------+-------+
CLK                                | BUFGP                  | 11    |
-----------------------------------+------------------------+-------+

Asynchronous Control Signals Information:
----------------------------------------
No asynchronous control signals found in this design

Timing Summary:
---------------
Speed Grade: -1

   Minimum period: 2.829ns (Maximum Frequency: 353.482MHz)
   Minimum input arrival time before clock: 1.639ns
   Maximum output required time after clock: 0.877ns
   Maximum combinational path delay: No path found

Timing Details:
---------------
All values displayed in nanoseconds (ns)

=========================================================================
Timing constraint: Default period analysis for Clock 'CLK'
  Clock period: 2.829ns (frequency: 353.482MHz)
  Total number of paths / destination ports: 124 / 18
-------------------------------------------------------------------------
Delay:               2.829ns (Levels of Logic = 2)
  Source:            PWM2/count/count_4 (FF)
  Destination:       PWM2/count/count_1 (FF)
  Source Clock:      CLK rising
  Destination Clock: CLK rising

  Data Path: PWM2/count/count_4 to PWM2/count/count_1
                                Gate     Net
    Cell:in->out      fanout   Delay   Delay  Logical Name (Net Name)
    ----------------------------------------  ------------
     FDR:C->Q              5   0.478   0.743  PWM2/count/count_4 (PWM2/count/count_4)
     LUT3:I0->O            1   0.124   0.421  PWM2/EQU_int_SW0 (N7)
     LUT6:I5->O            8   0.124   0.445  PWM2/EQU_int (PWM2/EQU_int)
     FDR:R                     0.494          PWM2/count/count_1
    ----------------------------------------
    Total                      2.829ns (1.220ns logic, 1.609ns route)
                                       (43.1% logic, 56.9% route)

=========================================================================
Timing constraint: Default OFFSET IN BEFORE for Clock 'CLK'
  Total number of paths / destination ports: 12 / 3
-------------------------------------------------------------------------
Offset:              1.639ns (Levels of Logic = 3)
  Source:            SWITCHES<12> (PAD)
  Destination:       PWM2/DFF/Q (FF)
  Destination Clock: CLK rising

  Data Path: SWITCHES<12> to PWM2/DFF/Q
                                Gate     Net
    Cell:in->out      fanout   Delay   Delay  Logical Name (Net Name)
    ----------------------------------------  ------------
     IBUF:I->O             1   0.001   0.939  SWITCHES_12_IBUF (SWITCHES_12_IBUF)
     LUT6:I0->O            1   0.124   0.421  PWM2/LES_int2 (PWM2/LES_int1)
     LUT6:I5->O            1   0.124   0.000  PWM2/LES_int1 (PWM2/LES_int)
     FD:D                      0.030          PWM2/DFF/Q
    ----------------------------------------
    Total                      1.639ns (0.279ns logic, 1.360ns route)
                                       (17.0% logic, 83.0% route)

=========================================================================
Timing constraint: Default OFFSET OUT AFTER for Clock 'CLK'
  Total number of paths / destination ports: 3 / 3
-------------------------------------------------------------------------
Offset:              0.877ns (Levels of Logic = 1)
  Source:            PWM2/DFF/Q (FF)
  Destination:       led17_r (PAD)
  Source Clock:      CLK rising

  Data Path: PWM2/DFF/Q to led17_r
                                Gate     Net
    Cell:in->out      fanout   Delay   Delay  Logical Name (Net Name)
    ----------------------------------------  ------------
     FD:C->Q               1   0.478   0.399  PWM2/DFF/Q (PWM2/DFF/Q)
     OBUF:I->O                 0.000          led17_r_OBUF (led17_r)
    ----------------------------------------
    Total                      0.877ns (0.478ns logic, 0.399ns route)
                                       (54.5% logic, 45.5% route)

=========================================================================

Cross Clock Domains Report:
--------------------------

Clock to Setup on destination clock CLK
---------------+---------+---------+---------+---------+
               | Src:Rise| Src:Fall| Src:Rise| Src:Fall|
Source Clock   |Dest:Rise|Dest:Rise|Dest:Fall|Dest:Fall|
---------------+---------+---------+---------+---------+
CLK            |    2.829|         |         |         |
---------------+---------+---------+---------+---------+

=========================================================================


Total REAL time to Xst completion: 14.00 secs
Total CPU time to Xst completion: 13.90 secs
 
--> 

Total memory usage is 455452 kilobytes

Number of errors   :    0 (   0 filtered)
Number of warnings :    0 (   0 filtered)
Number of infos    :    8 (   0 filtered)

